TN:
SF:src/api/api/api.controller.ts
FN:8,(anonymous_4)
FN:12,(anonymous_5)
FN:18,(anonymous_6)
FNF:3
FNH:2
FNDA:1,(anonymous_4)
FNDA:1,(anonymous_5)
FNDA:0,(anonymous_6)
DA:1,1
DA:2,1
DA:3,1
DA:4,1
DA:7,1
DA:8,1
DA:12,1
DA:13,1
DA:18,1
DA:19,0
LF:10
LH:9
BRF:0
BRH:0
end_of_record
TN:
SF:src/api/audits/audits.controller.ts
FN:11,(anonymous_4)
FN:15,(anonymous_5)
FN:21,(anonymous_6)
FN:27,(anonymous_7)
FN:33,(anonymous_8)
FN:39,(anonymous_9)
FNF:6
FNH:6
FNDA:6,(anonymous_4)
FNDA:1,(anonymous_5)
FNDA:1,(anonymous_6)
FNDA:1,(anonymous_7)
FNDA:1,(anonymous_8)
FNDA:1,(anonymous_9)
DA:1,2
DA:3,2
DA:5,2
DA:6,2
DA:7,2
DA:10,2
DA:11,6
DA:15,2
DA:16,1
DA:21,2
DA:22,1
DA:27,2
DA:28,1
DA:33,2
DA:34,1
DA:39,2
DA:40,1
LF:17
LH:17
BRF:0
BRH:0
end_of_record
TN:
SF:src/api/auth/auth.controller.ts
FN:19,(anonymous_4)
FN:23,(anonymous_5)
FN:29,(anonymous_6)
FN:35,(anonymous_7)
FN:44,(anonymous_8)
FNF:5
FNH:3
FNDA:2,(anonymous_4)
FNDA:1,(anonymous_5)
FNDA:1,(anonymous_6)
FNDA:0,(anonymous_7)
FNDA:0,(anonymous_8)
DA:1,1
DA:9,1
DA:10,1
DA:11,1
DA:12,1
DA:13,1
DA:14,1
DA:15,1
DA:18,1
DA:19,2
DA:23,1
DA:24,1
DA:29,1
DA:30,1
DA:35,1
DA:39,0
DA:44,1
DA:48,0
LF:18
LH:16
BRF:0
BRH:0
end_of_record
TN:
SF:src/api/customers/customers.controller.ts
FN:23,(anonymous_4)
FN:27,(anonymous_5)
FN:36,(anonymous_6)
FN:42,(anonymous_7)
FN:48,(anonymous_8)
FN:58,(anonymous_9)
FNF:6
FNH:6
FNDA:5,(anonymous_4)
FNDA:1,(anonymous_5)
FNDA:1,(anonymous_6)
FNDA:1,(anonymous_7)
FNDA:1,(anonymous_8)
FNDA:1,(anonymous_9)
DA:1,1
DA:13,1
DA:15,1
DA:17,1
DA:18,1
DA:19,1
DA:22,1
DA:23,5
DA:27,1
DA:31,1
DA:36,1
DA:37,1
DA:42,1
DA:43,1
DA:48,1
DA:53,1
DA:58,1
DA:59,1
LF:18
LH:18
BRF:0
BRH:0
end_of_record
TN:
SF:src/api/events/events.controller.ts
FN:22,(anonymous_4)
FN:26,(anonymous_5)
FN:35,(anonymous_6)
FN:41,(anonymous_7)
FN:47,(anonymous_8)
FN:53,(anonymous_9)
FN:63,(anonymous_10)
FNF:7
FNH:7
FNDA:6,(anonymous_4)
FNDA:1,(anonymous_5)
FNDA:1,(anonymous_6)
FNDA:1,(anonymous_7)
FNDA:1,(anonymous_8)
FNDA:1,(anonymous_9)
FNDA:1,(anonymous_10)
DA:1,1
DA:12,1
DA:14,1
DA:16,1
DA:17,1
DA:18,1
DA:21,1
DA:22,6
DA:26,1
DA:30,1
DA:35,1
DA:36,1
DA:41,1
DA:42,1
DA:47,1
DA:48,1
DA:53,1
DA:58,1
DA:63,1
DA:64,1
LF:20
LH:20
BRF:0
BRH:0
end_of_record
TN:
SF:src/api/locations/locations.controller.ts
FN:20,(anonymous_4)
FN:24,(anonymous_5)
FN:33,(anonymous_6)
FN:39,(anonymous_7)
FN:45,(anonymous_8)
FN:55,(anonymous_9)
FNF:6
FNH:6
FNDA:5,(anonymous_4)
FNDA:1,(anonymous_5)
FNDA:1,(anonymous_6)
FNDA:1,(anonymous_7)
FNDA:1,(anonymous_8)
FNDA:1,(anonymous_9)
DA:1,1
DA:12,1
DA:13,1
DA:14,1
DA:15,1
DA:16,1
DA:19,1
DA:20,5
DA:24,1
DA:28,1
DA:33,1
DA:34,1
DA:39,1
DA:40,1
DA:45,1
DA:50,1
DA:55,1
DA:56,1
LF:18
LH:18
BRF:0
BRH:0
end_of_record
TN:
SF:src/api/materials/materials/materials.controller.ts
FN:22,(anonymous_4)
FN:29,(anonymous_5)
FN:38,(anonymous_6)
FN:44,(anonymous_7)
FN:50,(anonymous_8)
FN:60,(anonymous_9)
FN:68,(anonymous_10)
FN:74,(anonymous_11)
FN:83,(anonymous_12)
FNF:9
FNH:9
FNDA:8,(anonymous_4)
FNDA:1,(anonymous_5)
FNDA:1,(anonymous_6)
FNDA:1,(anonymous_7)
FNDA:1,(anonymous_8)
FNDA:1,(anonymous_9)
FNDA:1,(anonymous_10)
FNDA:1,(anonymous_11)
FNDA:1,(anonymous_12)
DA:1,1
DA:12,1
DA:13,1
DA:14,1
DA:15,1
DA:16,1
DA:18,1
DA:21,1
DA:23,8
DA:24,8
DA:29,1
DA:33,1
DA:38,1
DA:39,1
DA:44,1
DA:45,1
DA:50,1
DA:55,1
DA:60,1
DA:61,1
DA:68,1
DA:69,1
DA:74,1
DA:78,1
DA:83,1
DA:87,1
LF:26
LH:26
BRF:0
BRH:0
end_of_record
TN:
SF:src/api/materials/materials-logs/material-logs.controller.ts
FN:8,(anonymous_4)
FN:12,(anonymous_5)
FN:21,(anonymous_6)
FNF:3
FNH:3
FNDA:2,(anonymous_4)
FNDA:1,(anonymous_5)
FNDA:1,(anonymous_6)
DA:1,1
DA:2,1
DA:3,1
DA:4,1
DA:7,1
DA:8,2
DA:12,1
DA:16,1
DA:21,1
DA:22,1
LF:10
LH:10
BRF:0
BRH:0
end_of_record
TN:
SF:src/api/orders/orders.controller.ts
FN:27,(anonymous_4)
FN:35,(anonymous_5)
FN:48,(anonymous_6)
FN:54,(anonymous_7)
FN:60,(anonymous_8)
FN:66,(anonymous_9)
FN:75,(anonymous_10)
FN:84,(anonymous_11)
FN:90,(anonymous_12)
FN:96,(anonymous_13)
FN:102,(anonymous_14)
FN:111,(anonymous_15)
FN:120,(anonymous_16)
FNF:13
FNH:13
FNDA:12,(anonymous_4)
FNDA:1,(anonymous_5)
FNDA:1,(anonymous_6)
FNDA:1,(anonymous_7)
FNDA:1,(anonymous_8)
FNDA:1,(anonymous_9)
FNDA:1,(anonymous_10)
FNDA:1,(anonymous_11)
FNDA:1,(anonymous_12)
FNDA:1,(anonymous_13)
FNDA:1,(anonymous_14)
FNDA:1,(anonymous_15)
FNDA:1,(anonymous_16)
DA:1,1
DA:12,1
DA:13,1
DA:14,1
DA:15,1
DA:16,1
DA:19,1
DA:20,1
DA:26,1
DA:28,12
DA:29,12
DA:30,12
DA:35,1
DA:40,1
DA:48,1
DA:49,1
DA:54,1
DA:55,1
DA:60,1
DA:61,1
DA:66,1
DA:70,1
DA:75,1
DA:79,1
DA:84,1
DA:85,1
DA:90,1
DA:91,1
DA:96,1
DA:97,1
DA:102,1
DA:106,1
DA:111,1
DA:112,1
DA:120,1
DA:121,1
LF:36
LH:36
BRF:0
BRH:0
end_of_record
TN:
SF:src/api/parts/parts/parts.controller.ts
FN:24,(anonymous_4)
FN:32,(anonymous_5)
FN:52,(anonymous_6)
FN:62,(anonymous_7)
FN:68,(anonymous_8)
FN:74,(anonymous_9)
FN:84,(anonymous_10)
FN:92,(anonymous_11)
FN:98,(anonymous_12)
FN:107,(anonymous_13)
FNF:10
FNH:10
FNDA:9,(anonymous_4)
FNDA:1,(anonymous_5)
FNDA:1,(anonymous_6)
FNDA:1,(anonymous_7)
FNDA:1,(anonymous_8)
FNDA:1,(anonymous_9)
FNDA:1,(anonymous_10)
FNDA:1,(anonymous_11)
FNDA:1,(anonymous_12)
FNDA:1,(anonymous_13)
DA:1,1
DA:12,1
DA:13,1
DA:14,1
DA:15,1
DA:16,1
DA:18,1
DA:20,1
DA:23,1
DA:25,9
DA:26,9
DA:27,9
DA:32,1
DA:36,1
DA:52,1
DA:57,1
DA:62,1
DA:63,1
DA:68,1
DA:69,1
DA:74,1
DA:79,1
DA:84,1
DA:85,1
DA:92,1
DA:93,1
DA:98,1
DA:102,1
DA:107,1
DA:111,1
LF:30
LH:30
BRF:0
BRH:0
end_of_record
TN:
SF:src/api/parts/parts-logs/part-logs.controller.ts
FN:8,(anonymous_4)
FN:12,(anonymous_5)
FN:21,(anonymous_6)
FNF:3
FNH:3
FNDA:2,(anonymous_4)
FNDA:1,(anonymous_5)
FNDA:1,(anonymous_6)
DA:1,1
DA:2,1
DA:3,1
DA:4,1
DA:7,1
DA:8,2
DA:12,1
DA:16,1
DA:21,1
DA:22,1
LF:10
LH:10
BRF:0
BRH:0
end_of_record
TN:
SF:src/api/products/products/products.controller.ts
FN:27,(anonymous_4)
FN:40,(anonymous_5)
FN:52,(anonymous_6)
FN:62,(anonymous_7)
FN:74,(anonymous_8)
FN:94,(anonymous_9)
FN:108,(anonymous_10)
FN:116,(anonymous_11)
FN:122,(anonymous_12)
FN:137,(anonymous_13)
FNF:10
FNH:10
FNDA:9,(anonymous_4)
FNDA:1,(anonymous_5)
FNDA:1,(anonymous_6)
FNDA:1,(anonymous_7)
FNDA:1,(anonymous_8)
FNDA:1,(anonymous_9)
FNDA:1,(anonymous_10)
FNDA:1,(anonymous_11)
FNDA:1,(anonymous_12)
FNDA:1,(anonymous_13)
DA:1,1
DA:12,1
DA:13,1
DA:14,1
DA:15,1
DA:16,1
DA:19,1
DA:20,1
DA:26,1
DA:28,9
DA:29,9
DA:30,9
DA:40,1
DA:44,1
DA:52,1
DA:53,1
DA:62,1
DA:63,1
DA:74,1
DA:79,1
DA:94,1
DA:98,1
DA:108,1
DA:109,1
DA:116,1
DA:117,1
DA:122,1
DA:126,1
DA:137,1
DA:141,1
LF:30
LH:30
BRF:0
BRH:0
end_of_record
TN:
SF:src/api/products/products-logs/product-logs.controller.ts
FN:8,(anonymous_4)
FN:12,(anonymous_5)
FN:21,(anonymous_6)
FNF:3
FNH:3
FNDA:2,(anonymous_4)
FNDA:1,(anonymous_5)
FNDA:1,(anonymous_6)
DA:1,1
DA:2,1
DA:3,1
DA:4,1
DA:7,1
DA:8,2
DA:12,1
DA:16,1
DA:21,1
DA:22,1
LF:10
LH:10
BRF:0
BRH:0
end_of_record
TN:
SF:src/api/users/users.controller.ts
FN:20,(anonymous_4)
FN:24,(anonymous_5)
FN:36,(anonymous_6)
FN:42,(anonymous_7)
FN:48,(anonymous_8)
FN:58,(anonymous_9)
FNF:6
FNH:6
FNDA:5,(anonymous_4)
FNDA:1,(anonymous_5)
FNDA:1,(anonymous_6)
FNDA:1,(anonymous_7)
FNDA:1,(anonymous_8)
FNDA:1,(anonymous_9)
DA:1,1
DA:12,1
DA:13,1
DA:14,1
DA:15,1
DA:16,1
DA:19,1
DA:20,5
DA:24,1
DA:28,1
DA:29,1
DA:30,1
DA:31,1
DA:36,1
DA:37,1
DA:42,1
DA:43,1
DA:48,1
DA:53,1
DA:58,1
DA:62,1
LF:21
LH:21
BRF:0
BRH:0
end_of_record
