{"C:\\Users\\Radley\\Desktop\\soen390-team04\\server\\src\\api\\api\\api.controller.ts": {"path":"C:\\Users\\Radley\\Desktop\\soen390-team04\\server\\src\\api\\api\\api.controller.ts","statementMap":{"0":{"start":{"line":1,"column":0},"end":{"line":1,"column":77}},"1":{"start":{"line":2,"column":0},"end":{"line":2,"column":45}},"2":{"start":{"line":3,"column":0},"end":{"line":3,"column":43}},"3":{"start":{"line":4,"column":0},"end":{"line":4,"column":52}},"4":{"start":{"line":7,"column":0},"end":{"line":21,"column":null}},"5":{"start":{"line":8,"column":31},"end":{"line":8,"column":43}},"6":{"start":{"line":13,"column":4},"end":{"line":13,"column":39}},"7":{"start":{"line":19,"column":4},"end":{"line":19,"column":42}},"8":{"start":{"line":12,"column":2},"end":{"line":14,"column":null}},"9":{"start":{"line":18,"column":2},"end":{"line":20,"column":null}},"10":{"start":{"line":7,"column":13},"end":{"line":21,"column":null}},"11":{"start":{"line":7,"column":13},"end":{"line":7,"column":26}}},"fnMap":{"0":{"name":"(anonymous_4)","decl":{"start":{"line":8,"column":2},"end":{"line":8,"column":31}},"loc":{"start":{"line":8,"column":53},"end":{"line":8,"column":57}}},"1":{"name":"(anonymous_5)","decl":{"start":{"line":12,"column":2},"end":{"line":12,"column":11}},"loc":{"start":{"line":12,"column":11},"end":{"line":14,"column":3}}},"2":{"name":"(anonymous_6)","decl":{"start":{"line":18,"column":2},"end":{"line":18,"column":11}},"loc":{"start":{"line":18,"column":51},"end":{"line":20,"column":3}}}},"branchMap":{},"s":{"0":1,"1":1,"2":1,"3":1,"4":1,"5":1,"6":1,"7":0,"8":1,"9":1,"10":1,"11":1},"f":{"0":1,"1":1,"2":0},"b":{}}
,"C:\\Users\\Radley\\Desktop\\soen390-team04\\server\\src\\api\\auth\\auth.controller.ts": {"path":"C:\\Users\\Radley\\Desktop\\soen390-team04\\server\\src\\api\\auth\\auth.controller.ts","statementMap":{"0":{"start":{"line":1,"column":0},"end":{"line":1,"column":null}},"1":{"start":{"line":9,"column":0},"end":{"line":9,"column":45}},"2":{"start":{"line":10,"column":0},"end":{"line":10,"column":52}},"3":{"start":{"line":11,"column":0},"end":{"line":11,"column":45}},"4":{"start":{"line":12,"column":0},"end":{"line":12,"column":49}},"5":{"start":{"line":13,"column":0},"end":{"line":13,"column":43}},"6":{"start":{"line":14,"column":0},"end":{"line":14,"column":60}},"7":{"start":{"line":15,"column":0},"end":{"line":15,"column":68}},"8":{"start":{"line":18,"column":0},"end":{"line":50,"column":null}},"9":{"start":{"line":19,"column":22},"end":{"line":19,"column":35}},"10":{"start":{"line":24,"column":4},"end":{"line":24,"column":39}},"11":{"start":{"line":30,"column":4},"end":{"line":30,"column":42}},"12":{"start":{"line":39,"column":4},"end":{"line":39,"column":47}},"13":{"start":{"line":48,"column":4},"end":{"line":48,"column":45}},"14":{"start":{"line":23,"column":2},"end":{"line":25,"column":null}},"15":{"start":{"line":29,"column":2},"end":{"line":31,"column":null}},"16":{"start":{"line":35,"column":2},"end":{"line":40,"column":null}},"17":{"start":{"line":44,"column":2},"end":{"line":49,"column":null}},"18":{"start":{"line":18,"column":13},"end":{"line":50,"column":null}},"19":{"start":{"line":18,"column":13},"end":{"line":18,"column":27}}},"fnMap":{"0":{"name":"(anonymous_4)","decl":{"start":{"line":19,"column":2},"end":{"line":19,"column":22}},"loc":{"start":{"line":19,"column":46},"end":{"line":19,"column":50}}},"1":{"name":"(anonymous_5)","decl":{"start":{"line":23,"column":2},"end":{"line":23,"column":7}},"loc":{"start":{"line":23,"column":47},"end":{"line":25,"column":3}}},"2":{"name":"(anonymous_6)","decl":{"start":{"line":29,"column":2},"end":{"line":29,"column":10}},"loc":{"start":{"line":29,"column":58},"end":{"line":31,"column":3}}},"3":{"name":"(anonymous_7)","decl":{"start":{"line":35,"column":2},"end":{"line":35,"column":8}},"loc":{"start":{"line":37,"column":47},"end":{"line":40,"column":3}}},"4":{"name":"(anonymous_8)","decl":{"start":{"line":44,"column":2},"end":{"line":44,"column":7}},"loc":{"start":{"line":46,"column":47},"end":{"line":49,"column":3}}}},"branchMap":{},"s":{"0":1,"1":1,"2":1,"3":1,"4":1,"5":1,"6":1,"7":1,"8":1,"9":2,"10":1,"11":1,"12":0,"13":0,"14":1,"15":1,"16":1,"17":1,"18":1,"19":1},"f":{"0":2,"1":1,"2":1,"3":0,"4":0},"b":{}}
,"C:\\Users\\Radley\\Desktop\\soen390-team04\\server\\src\\api\\customers\\customers.controller.ts": {"path":"C:\\Users\\Radley\\Desktop\\soen390-team04\\server\\src\\api\\customers\\customers.controller.ts","statementMap":{"0":{"start":{"line":1,"column":0},"end":{"line":1,"column":null}},"1":{"start":{"line":12,"column":0},"end":{"line":12,"column":55}},"2":{"start":{"line":14,"column":0},"end":{"line":14,"column":62}},"3":{"start":{"line":16,"column":0},"end":{"line":16,"column":62}},"4":{"start":{"line":17,"column":0},"end":{"line":17,"column":49}},"5":{"start":{"line":18,"column":0},"end":{"line":18,"column":43}},"6":{"start":{"line":21,"column":0},"end":{"line":56,"column":null}},"7":{"start":{"line":22,"column":31},"end":{"line":22,"column":49}},"8":{"start":{"line":27,"column":4},"end":{"line":27,"column":59}},"9":{"start":{"line":33,"column":4},"end":{"line":33,"column":43}},"10":{"start":{"line":39,"column":4},"end":{"line":39,"column":45}},"11":{"start":{"line":48,"column":4},"end":{"line":48,"column":63}},"12":{"start":{"line":54,"column":4},"end":{"line":54,"column":44}},"13":{"start":{"line":26,"column":2},"end":{"line":28,"column":null}},"14":{"start":{"line":32,"column":2},"end":{"line":34,"column":null}},"15":{"start":{"line":38,"column":2},"end":{"line":40,"column":null}},"16":{"start":{"line":44,"column":2},"end":{"line":49,"column":null}},"17":{"start":{"line":53,"column":2},"end":{"line":55,"column":null}},"18":{"start":{"line":21,"column":13},"end":{"line":56,"column":null}},"19":{"start":{"line":21,"column":13},"end":{"line":21,"column":32}}},"fnMap":{"0":{"name":"(anonymous_4)","decl":{"start":{"line":22,"column":2},"end":{"line":22,"column":31}},"loc":{"start":{"line":22,"column":65},"end":{"line":22,"column":69}}},"1":{"name":"(anonymous_5)","decl":{"start":{"line":26,"column":2},"end":{"line":26,"column":8}},"loc":{"start":{"line":26,"column":67},"end":{"line":28,"column":3}}},"2":{"name":"(anonymous_6)","decl":{"start":{"line":32,"column":2},"end":{"line":32,"column":9}},"loc":{"start":{"line":32,"column":9},"end":{"line":34,"column":3}}},"3":{"name":"(anonymous_7)","decl":{"start":{"line":38,"column":2},"end":{"line":38,"column":9}},"loc":{"start":{"line":38,"column":33},"end":{"line":40,"column":3}}},"4":{"name":"(anonymous_8)","decl":{"start":{"line":44,"column":2},"end":{"line":44,"column":8}},"loc":{"start":{"line":46,"column":62},"end":{"line":49,"column":3}}},"5":{"name":"(anonymous_9)","decl":{"start":{"line":53,"column":2},"end":{"line":53,"column":8}},"loc":{"start":{"line":53,"column":32},"end":{"line":55,"column":3}}}},"branchMap":{},"s":{"0":1,"1":1,"2":1,"3":1,"4":1,"5":1,"6":1,"7":5,"8":1,"9":1,"10":1,"11":1,"12":1,"13":1,"14":1,"15":1,"16":1,"17":1,"18":1,"19":1},"f":{"0":5,"1":1,"2":1,"3":1,"4":1,"5":1},"b":{}}
,"C:\\Users\\Radley\\Desktop\\soen390-team04\\server\\src\\api\\events\\events.controller.ts": {"path":"C:\\Users\\Radley\\Desktop\\soen390-team04\\server\\src\\api\\events\\events.controller.ts","statementMap":{"0":{"start":{"line":1,"column":0},"end":{"line":1,"column":null}},"1":{"start":{"line":11,"column":0},"end":{"line":11,"column":49}},"2":{"start":{"line":13,"column":0},"end":{"line":13,"column":56}},"3":{"start":{"line":15,"column":0},"end":{"line":15,"column":56}},"4":{"start":{"line":16,"column":0},"end":{"line":16,"column":49}},"5":{"start":{"line":17,"column":0},"end":{"line":17,"column":43}},"6":{"start":{"line":20,"column":0},"end":{"line":61,"column":null}},"7":{"start":{"line":21,"column":31},"end":{"line":21,"column":46}},"8":{"start":{"line":26,"column":4},"end":{"line":26,"column":53}},"9":{"start":{"line":32,"column":4},"end":{"line":32,"column":43}},"10":{"start":{"line":38,"column":4},"end":{"line":38,"column":40}},"11":{"start":{"line":44,"column":4},"end":{"line":44,"column":42}},"12":{"start":{"line":53,"column":4},"end":{"line":53,"column":57}},"13":{"start":{"line":59,"column":4},"end":{"line":59,"column":41}},"14":{"start":{"line":25,"column":2},"end":{"line":27,"column":null}},"15":{"start":{"line":31,"column":2},"end":{"line":33,"column":null}},"16":{"start":{"line":37,"column":2},"end":{"line":39,"column":null}},"17":{"start":{"line":43,"column":2},"end":{"line":45,"column":null}},"18":{"start":{"line":49,"column":2},"end":{"line":54,"column":null}},"19":{"start":{"line":58,"column":2},"end":{"line":60,"column":null}},"20":{"start":{"line":20,"column":13},"end":{"line":61,"column":null}},"21":{"start":{"line":20,"column":13},"end":{"line":20,"column":29}}},"fnMap":{"0":{"name":"(anonymous_4)","decl":{"start":{"line":21,"column":2},"end":{"line":21,"column":31}},"loc":{"start":{"line":21,"column":59},"end":{"line":21,"column":63}}},"1":{"name":"(anonymous_5)","decl":{"start":{"line":25,"column":2},"end":{"line":25,"column":8}},"loc":{"start":{"line":25,"column":61},"end":{"line":27,"column":3}}},"2":{"name":"(anonymous_6)","decl":{"start":{"line":31,"column":2},"end":{"line":31,"column":12}},"loc":{"start":{"line":31,"column":12},"end":{"line":33,"column":3}}},"3":{"name":"(anonymous_7)","decl":{"start":{"line":37,"column":2},"end":{"line":37,"column":9}},"loc":{"start":{"line":37,"column":9},"end":{"line":39,"column":3}}},"4":{"name":"(anonymous_8)","decl":{"start":{"line":43,"column":2},"end":{"line":43,"column":9}},"loc":{"start":{"line":43,"column":33},"end":{"line":45,"column":3}}},"5":{"name":"(anonymous_9)","decl":{"start":{"line":49,"column":2},"end":{"line":49,"column":8}},"loc":{"start":{"line":51,"column":56},"end":{"line":54,"column":3}}},"6":{"name":"(anonymous_10)","decl":{"start":{"line":58,"column":2},"end":{"line":58,"column":8}},"loc":{"start":{"line":58,"column":32},"end":{"line":60,"column":3}}}},"branchMap":{},"s":{"0":1,"1":1,"2":1,"3":1,"4":1,"5":1,"6":1,"7":6,"8":1,"9":1,"10":1,"11":1,"12":1,"13":1,"14":1,"15":1,"16":1,"17":1,"18":1,"19":1,"20":1,"21":1},"f":{"0":6,"1":1,"2":1,"3":1,"4":1,"5":1,"6":1},"b":{}}
,"C:\\Users\\Radley\\Desktop\\soen390-team04\\server\\src\\api\\locations\\locations.controller.ts": {"path":"C:\\Users\\Radley\\Desktop\\soen390-team04\\server\\src\\api\\locations\\locations.controller.ts","statementMap":{"0":{"start":{"line":1,"column":0},"end":{"line":1,"column":null}},"1":{"start":{"line":11,"column":0},"end":{"line":11,"column":55}},"2":{"start":{"line":12,"column":0},"end":{"line":12,"column":62}},"3":{"start":{"line":13,"column":0},"end":{"line":13,"column":62}},"4":{"start":{"line":14,"column":0},"end":{"line":14,"column":49}},"5":{"start":{"line":15,"column":0},"end":{"line":15,"column":43}},"6":{"start":{"line":18,"column":0},"end":{"line":53,"column":null}},"7":{"start":{"line":19,"column":31},"end":{"line":19,"column":49}},"8":{"start":{"line":24,"column":4},"end":{"line":24,"column":59}},"9":{"start":{"line":30,"column":4},"end":{"line":30,"column":43}},"10":{"start":{"line":36,"column":4},"end":{"line":36,"column":45}},"11":{"start":{"line":45,"column":4},"end":{"line":45,"column":63}},"12":{"start":{"line":51,"column":4},"end":{"line":51,"column":44}},"13":{"start":{"line":23,"column":2},"end":{"line":25,"column":null}},"14":{"start":{"line":29,"column":2},"end":{"line":31,"column":null}},"15":{"start":{"line":35,"column":2},"end":{"line":37,"column":null}},"16":{"start":{"line":41,"column":2},"end":{"line":46,"column":null}},"17":{"start":{"line":50,"column":2},"end":{"line":52,"column":null}},"18":{"start":{"line":18,"column":13},"end":{"line":53,"column":null}},"19":{"start":{"line":18,"column":13},"end":{"line":18,"column":32}}},"fnMap":{"0":{"name":"(anonymous_4)","decl":{"start":{"line":19,"column":2},"end":{"line":19,"column":31}},"loc":{"start":{"line":19,"column":65},"end":{"line":19,"column":69}}},"1":{"name":"(anonymous_5)","decl":{"start":{"line":23,"column":2},"end":{"line":23,"column":8}},"loc":{"start":{"line":23,"column":67},"end":{"line":25,"column":3}}},"2":{"name":"(anonymous_6)","decl":{"start":{"line":29,"column":2},"end":{"line":29,"column":9}},"loc":{"start":{"line":29,"column":9},"end":{"line":31,"column":3}}},"3":{"name":"(anonymous_7)","decl":{"start":{"line":35,"column":2},"end":{"line":35,"column":9}},"loc":{"start":{"line":35,"column":33},"end":{"line":37,"column":3}}},"4":{"name":"(anonymous_8)","decl":{"start":{"line":41,"column":2},"end":{"line":41,"column":8}},"loc":{"start":{"line":43,"column":62},"end":{"line":46,"column":3}}},"5":{"name":"(anonymous_9)","decl":{"start":{"line":50,"column":2},"end":{"line":50,"column":8}},"loc":{"start":{"line":50,"column":32},"end":{"line":52,"column":3}}}},"branchMap":{},"s":{"0":1,"1":1,"2":1,"3":1,"4":1,"5":1,"6":1,"7":5,"8":1,"9":1,"10":1,"11":1,"12":1,"13":1,"14":1,"15":1,"16":1,"17":1,"18":1,"19":1},"f":{"0":5,"1":1,"2":1,"3":1,"4":1,"5":1},"b":{}}
,"C:\\Users\\Radley\\Desktop\\soen390-team04\\server\\src\\api\\materials\\materials\\materials.controller.ts": {"path":"C:\\Users\\Radley\\Desktop\\soen390-team04\\server\\src\\api\\materials\\materials\\materials.controller.ts","statementMap":{"0":{"start":{"line":1,"column":0},"end":{"line":1,"column":null}},"1":{"start":{"line":11,"column":0},"end":{"line":11,"column":55}},"2":{"start":{"line":12,"column":0},"end":{"line":12,"column":62}},"3":{"start":{"line":13,"column":0},"end":{"line":13,"column":62}},"4":{"start":{"line":14,"column":0},"end":{"line":14,"column":52}},"5":{"start":{"line":15,"column":0},"end":{"line":15,"column":46}},"6":{"start":{"line":17,"column":0},"end":{"line":17,"column":64}},"7":{"start":{"line":20,"column":0},"end":{"line":84,"column":null}},"8":{"start":{"line":22,"column":21},"end":{"line":22,"column":39}},"9":{"start":{"line":23,"column":21},"end":{"line":23,"column":43}},"10":{"start":{"line":29,"column":4},"end":{"line":29,"column":59}},"11":{"start":{"line":35,"column":4},"end":{"line":35,"column":43}},"12":{"start":{"line":41,"column":4},"end":{"line":41,"column":45}},"13":{"start":{"line":50,"column":4},"end":{"line":50,"column":63}},"14":{"start":{"line":56,"column":4},"end":{"line":56,"column":44}},"15":{"start":{"line":64,"column":4},"end":{"line":64,"column":57}},"16":{"start":{"line":73,"column":4},"end":{"line":73,"column":69}},"17":{"start":{"line":82,"column":4},"end":{"line":82,"column":80}},"18":{"start":{"line":28,"column":2},"end":{"line":30,"column":null}},"19":{"start":{"line":34,"column":2},"end":{"line":36,"column":null}},"20":{"start":{"line":40,"column":2},"end":{"line":42,"column":null}},"21":{"start":{"line":46,"column":2},"end":{"line":51,"column":null}},"22":{"start":{"line":55,"column":2},"end":{"line":57,"column":null}},"23":{"start":{"line":63,"column":2},"end":{"line":65,"column":null}},"24":{"start":{"line":69,"column":2},"end":{"line":74,"column":null}},"25":{"start":{"line":78,"column":2},"end":{"line":83,"column":null}},"26":{"start":{"line":20,"column":13},"end":{"line":84,"column":null}},"27":{"start":{"line":20,"column":13},"end":{"line":20,"column":32}}},"fnMap":{"0":{"name":"(anonymous_4)","decl":{"start":{"line":21,"column":2},"end":{"line":21,"column":null}},"loc":{"start":{"line":23,"column":63},"end":{"line":24,"column":6}}},"1":{"name":"(anonymous_5)","decl":{"start":{"line":28,"column":2},"end":{"line":28,"column":8}},"loc":{"start":{"line":28,"column":67},"end":{"line":30,"column":3}}},"2":{"name":"(anonymous_6)","decl":{"start":{"line":34,"column":2},"end":{"line":34,"column":9}},"loc":{"start":{"line":34,"column":9},"end":{"line":36,"column":3}}},"3":{"name":"(anonymous_7)","decl":{"start":{"line":40,"column":2},"end":{"line":40,"column":9}},"loc":{"start":{"line":40,"column":33},"end":{"line":42,"column":3}}},"4":{"name":"(anonymous_8)","decl":{"start":{"line":46,"column":2},"end":{"line":46,"column":8}},"loc":{"start":{"line":48,"column":62},"end":{"line":51,"column":3}}},"5":{"name":"(anonymous_9)","decl":{"start":{"line":55,"column":2},"end":{"line":55,"column":8}},"loc":{"start":{"line":55,"column":32},"end":{"line":57,"column":3}}},"6":{"name":"(anonymous_10)","decl":{"start":{"line":63,"column":2},"end":{"line":63,"column":15}},"loc":{"start":{"line":63,"column":55},"end":{"line":65,"column":3}}},"7":{"name":"(anonymous_11)","decl":{"start":{"line":69,"column":2},"end":{"line":69,"column":14}},"loc":{"start":{"line":71,"column":43},"end":{"line":74,"column":3}}},"8":{"name":"(anonymous_12)","decl":{"start":{"line":78,"column":2},"end":{"line":78,"column":13}},"loc":{"start":{"line":80,"column":74},"end":{"line":83,"column":3}}}},"branchMap":{},"s":{"0":1,"1":1,"2":1,"3":1,"4":1,"5":1,"6":1,"7":1,"8":8,"9":8,"10":1,"11":1,"12":1,"13":1,"14":1,"15":1,"16":1,"17":1,"18":1,"19":1,"20":1,"21":1,"22":1,"23":1,"24":1,"25":1,"26":1,"27":1},"f":{"0":8,"1":1,"2":1,"3":1,"4":1,"5":1,"6":1,"7":1,"8":1},"b":{}}
,"C:\\Users\\Radley\\Desktop\\soen390-team04\\server\\src\\api\\materials\\materials-logs\\material-logs.controller.ts": {"path":"C:\\Users\\Radley\\Desktop\\soen390-team04\\server\\src\\api\\materials\\materials-logs\\material-logs.controller.ts","statementMap":{"0":{"start":{"line":1,"column":0},"end":{"line":1,"column":56}},"1":{"start":{"line":2,"column":0},"end":{"line":2,"column":52}},"2":{"start":{"line":3,"column":0},"end":{"line":3,"column":46}},"3":{"start":{"line":4,"column":0},"end":{"line":4,"column":62}},"4":{"start":{"line":7,"column":0},"end":{"line":24,"column":null}},"5":{"start":{"line":8,"column":31},"end":{"line":8,"column":52}},"6":{"start":{"line":16,"column":4},"end":{"line":16,"column":68}},"7":{"start":{"line":22,"column":4},"end":{"line":22,"column":56}},"8":{"start":{"line":12,"column":2},"end":{"line":17,"column":null}},"9":{"start":{"line":21,"column":2},"end":{"line":23,"column":null}},"10":{"start":{"line":7,"column":13},"end":{"line":24,"column":null}},"11":{"start":{"line":7,"column":13},"end":{"line":7,"column":35}}},"fnMap":{"0":{"name":"(anonymous_4)","decl":{"start":{"line":8,"column":2},"end":{"line":8,"column":31}},"loc":{"start":{"line":8,"column":71},"end":{"line":8,"column":75}}},"1":{"name":"(anonymous_5)","decl":{"start":{"line":12,"column":2},"end":{"line":12,"column":9}},"loc":{"start":{"line":14,"column":43},"end":{"line":17,"column":3}}},"2":{"name":"(anonymous_6)","decl":{"start":{"line":21,"column":2},"end":{"line":21,"column":9}},"loc":{"start":{"line":21,"column":49},"end":{"line":23,"column":3}}}},"branchMap":{},"s":{"0":1,"1":1,"2":1,"3":1,"4":1,"5":2,"6":1,"7":1,"8":1,"9":1,"10":1,"11":1},"f":{"0":2,"1":1,"2":1},"b":{}}
,"C:\\Users\\Radley\\Desktop\\soen390-team04\\server\\src\\api\\orders\\orders.controller.ts": {"path":"C:\\Users\\Radley\\Desktop\\soen390-team04\\server\\src\\api\\orders\\orders.controller.ts","statementMap":{"0":{"start":{"line":1,"column":0},"end":{"line":1,"column":null}},"1":{"start":{"line":11,"column":0},"end":{"line":11,"column":66}},"2":{"start":{"line":12,"column":0},"end":{"line":12,"column":64}},"3":{"start":{"line":13,"column":0},"end":{"line":13,"column":62}},"4":{"start":{"line":14,"column":0},"end":{"line":14,"column":43}},"5":{"start":{"line":15,"column":0},"end":{"line":15,"column":49}},"6":{"start":{"line":18,"column":0},"end":{"line":18,"column":71}},"7":{"start":{"line":19,"column":0},"end":{"line":19,"column":73}},"8":{"start":{"line":25,"column":0},"end":{"line":122,"column":null}},"9":{"start":{"line":27,"column":21},"end":{"line":27,"column":43}},"10":{"start":{"line":28,"column":21},"end":{"line":28,"column":42}},"11":{"start":{"line":29,"column":21},"end":{"line":29,"column":42}},"12":{"start":{"line":38,"column":4},"end":{"line":40,"column":6}},"13":{"start":{"line":46,"column":4},"end":{"line":46,"column":47}},"14":{"start":{"line":52,"column":4},"end":{"line":52,"column":49}},"15":{"start":{"line":58,"column":4},"end":{"line":58,"column":48}},"16":{"start":{"line":67,"column":4},"end":{"line":67,"column":72}},"17":{"start":{"line":75,"column":4},"end":{"line":75,"column":66}},"18":{"start":{"line":81,"column":4},"end":{"line":81,"column":46}},"19":{"start":{"line":87,"column":4},"end":{"line":87,"column":48}},"20":{"start":{"line":93,"column":4},"end":{"line":93,"column":47}},"21":{"start":{"line":102,"column":4},"end":{"line":102,"column":70}},"22":{"start":{"line":108,"column":4},"end":{"line":111,"column":6}},"23":{"start":{"line":117,"column":4},"end":{"line":120,"column":6}},"24":{"start":{"line":34,"column":2},"end":{"line":41,"column":null}},"25":{"start":{"line":45,"column":2},"end":{"line":47,"column":null}},"26":{"start":{"line":51,"column":2},"end":{"line":53,"column":null}},"27":{"start":{"line":57,"column":2},"end":{"line":59,"column":null}},"28":{"start":{"line":63,"column":2},"end":{"line":68,"column":null}},"29":{"start":{"line":72,"column":2},"end":{"line":76,"column":null}},"30":{"start":{"line":80,"column":2},"end":{"line":82,"column":null}},"31":{"start":{"line":86,"column":2},"end":{"line":88,"column":null}},"32":{"start":{"line":92,"column":2},"end":{"line":94,"column":null}},"33":{"start":{"line":98,"column":2},"end":{"line":103,"column":null}},"34":{"start":{"line":107,"column":2},"end":{"line":112,"column":null}},"35":{"start":{"line":116,"column":2},"end":{"line":121,"column":null}},"36":{"start":{"line":25,"column":13},"end":{"line":122,"column":null}},"37":{"start":{"line":25,"column":13},"end":{"line":25,"column":29}}},"fnMap":{"0":{"name":"(anonymous_4)","decl":{"start":{"line":26,"column":2},"end":{"line":26,"column":null}},"loc":{"start":{"line":29,"column":61},"end":{"line":30,"column":6}}},"1":{"name":"(anonymous_5)","decl":{"start":{"line":34,"column":2},"end":{"line":34,"column":21}},"loc":{"start":{"line":36,"column":52},"end":{"line":41,"column":3}}},"2":{"name":"(anonymous_6)","decl":{"start":{"line":45,"column":2},"end":{"line":45,"column":7}},"loc":{"start":{"line":45,"column":29},"end":{"line":47,"column":3}}},"3":{"name":"(anonymous_7)","decl":{"start":{"line":51,"column":2},"end":{"line":51,"column":22}},"loc":{"start":{"line":51,"column":46},"end":{"line":53,"column":3}}},"4":{"name":"(anonymous_8)","decl":{"start":{"line":57,"column":2},"end":{"line":57,"column":21}},"loc":{"start":{"line":57,"column":45},"end":{"line":59,"column":3}}},"5":{"name":"(anonymous_9)","decl":{"start":{"line":63,"column":2},"end":{"line":63,"column":21}},"loc":{"start":{"line":65,"column":72},"end":{"line":68,"column":3}}},"6":{"name":"(anonymous_10)","decl":{"start":{"line":72,"column":2},"end":{"line":72,"column":20}},"loc":{"start":{"line":73,"column":72},"end":{"line":76,"column":3}}},"7":{"name":"(anonymous_11)","decl":{"start":{"line":80,"column":2},"end":{"line":80,"column":22}},"loc":{"start":{"line":80,"column":22},"end":{"line":82,"column":3}}},"8":{"name":"(anonymous_12)","decl":{"start":{"line":86,"column":2},"end":{"line":86,"column":21}},"loc":{"start":{"line":86,"column":45},"end":{"line":88,"column":3}}},"9":{"name":"(anonymous_13)","decl":{"start":{"line":92,"column":2},"end":{"line":92,"column":20}},"loc":{"start":{"line":92,"column":44},"end":{"line":94,"column":3}}},"10":{"name":"(anonymous_14)","decl":{"start":{"line":98,"column":2},"end":{"line":98,"column":20}},"loc":{"start":{"line":100,"column":70},"end":{"line":103,"column":3}}},"11":{"name":"(anonymous_15)","decl":{"start":{"line":107,"column":2},"end":{"line":107,"column":9}},"loc":{"start":{"line":107,"column":9},"end":{"line":112,"column":3}}},"12":{"name":"(anonymous_16)","decl":{"start":{"line":116,"column":2},"end":{"line":116,"column":9}},"loc":{"start":{"line":116,"column":9},"end":{"line":121,"column":3}}}},"branchMap":{},"s":{"0":1,"1":1,"2":1,"3":1,"4":1,"5":1,"6":1,"7":1,"8":1,"9":12,"10":12,"11":12,"12":1,"13":1,"14":1,"15":1,"16":1,"17":1,"18":1,"19":1,"20":1,"21":1,"22":1,"23":1,"24":1,"25":1,"26":1,"27":1,"28":1,"29":1,"30":1,"31":1,"32":1,"33":1,"34":1,"35":1,"36":1,"37":1},"f":{"0":12,"1":1,"2":1,"3":1,"4":1,"5":1,"6":1,"7":1,"8":1,"9":1,"10":1,"11":1,"12":1},"b":{}}
,"C:\\Users\\Radley\\Desktop\\soen390-team04\\server\\src\\api\\parts\\parts\\parts.controller.ts": {"path":"C:\\Users\\Radley\\Desktop\\soen390-team04\\server\\src\\api\\parts\\parts\\parts.controller.ts","statementMap":{"0":{"start":{"line":1,"column":0},"end":{"line":1,"column":null}},"1":{"start":{"line":11,"column":0},"end":{"line":11,"column":47}},"2":{"start":{"line":12,"column":0},"end":{"line":12,"column":54}},"3":{"start":{"line":13,"column":0},"end":{"line":13,"column":54}},"4":{"start":{"line":14,"column":0},"end":{"line":14,"column":52}},"5":{"start":{"line":15,"column":0},"end":{"line":15,"column":46}},"6":{"start":{"line":17,"column":0},"end":{"line":17,"column":56}},"7":{"start":{"line":19,"column":0},"end":{"line":19,"column":60}},"8":{"start":{"line":22,"column":0},"end":{"line":106,"column":null}},"9":{"start":{"line":24,"column":21},"end":{"line":24,"column":35}},"10":{"start":{"line":25,"column":21},"end":{"line":25,"column":39}},"11":{"start":{"line":26,"column":21},"end":{"line":26,"column":41}},"12":{"start":{"line":32,"column":4},"end":{"line":32,"column":51}},"13":{"start":{"line":51,"column":4},"end":{"line":51,"column":66}},"14":{"start":{"line":57,"column":4},"end":{"line":57,"column":41}},"15":{"start":{"line":63,"column":4},"end":{"line":63,"column":39}},"16":{"start":{"line":72,"column":4},"end":{"line":72,"column":55}},"17":{"start":{"line":78,"column":4},"end":{"line":78,"column":40}},"18":{"start":{"line":86,"column":4},"end":{"line":86,"column":53}},"19":{"start":{"line":95,"column":4},"end":{"line":95,"column":61}},"20":{"start":{"line":104,"column":4},"end":{"line":104,"column":72}},"21":{"start":{"line":31,"column":2},"end":{"line":33,"column":null}},"22":{"start":{"line":47,"column":2},"end":{"line":52,"column":null}},"23":{"start":{"line":56,"column":2},"end":{"line":58,"column":null}},"24":{"start":{"line":62,"column":2},"end":{"line":64,"column":null}},"25":{"start":{"line":68,"column":2},"end":{"line":73,"column":null}},"26":{"start":{"line":77,"column":2},"end":{"line":79,"column":null}},"27":{"start":{"line":85,"column":2},"end":{"line":87,"column":null}},"28":{"start":{"line":91,"column":2},"end":{"line":96,"column":null}},"29":{"start":{"line":100,"column":2},"end":{"line":105,"column":null}},"30":{"start":{"line":22,"column":13},"end":{"line":106,"column":null}},"31":{"start":{"line":22,"column":13},"end":{"line":22,"column":28}}},"fnMap":{"0":{"name":"(anonymous_4)","decl":{"start":{"line":23,"column":2},"end":{"line":23,"column":null}},"loc":{"start":{"line":26,"column":59},"end":{"line":27,"column":6}}},"1":{"name":"(anonymous_5)","decl":{"start":{"line":31,"column":2},"end":{"line":31,"column":8}},"loc":{"start":{"line":31,"column":59},"end":{"line":33,"column":3}}},"2":{"name":"(anonymous_6)","decl":{"start":{"line":47,"column":2},"end":{"line":47,"column":7}},"loc":{"start":{"line":49,"column":53},"end":{"line":52,"column":3}}},"3":{"name":"(anonymous_7)","decl":{"start":{"line":56,"column":2},"end":{"line":56,"column":9}},"loc":{"start":{"line":56,"column":33},"end":{"line":58,"column":3}}},"4":{"name":"(anonymous_8)","decl":{"start":{"line":62,"column":2},"end":{"line":62,"column":9}},"loc":{"start":{"line":62,"column":9},"end":{"line":64,"column":3}}},"5":{"name":"(anonymous_9)","decl":{"start":{"line":68,"column":2},"end":{"line":68,"column":8}},"loc":{"start":{"line":70,"column":54},"end":{"line":73,"column":3}}},"6":{"name":"(anonymous_10)","decl":{"start":{"line":77,"column":2},"end":{"line":77,"column":8}},"loc":{"start":{"line":77,"column":32},"end":{"line":79,"column":3}}},"7":{"name":"(anonymous_11)","decl":{"start":{"line":85,"column":2},"end":{"line":85,"column":15}},"loc":{"start":{"line":85,"column":55},"end":{"line":87,"column":3}}},"8":{"name":"(anonymous_12)","decl":{"start":{"line":91,"column":2},"end":{"line":91,"column":14}},"loc":{"start":{"line":93,"column":43},"end":{"line":96,"column":3}}},"9":{"name":"(anonymous_13)","decl":{"start":{"line":100,"column":2},"end":{"line":100,"column":13}},"loc":{"start":{"line":102,"column":66},"end":{"line":105,"column":3}}}},"branchMap":{},"s":{"0":1,"1":1,"2":1,"3":1,"4":1,"5":1,"6":1,"7":1,"8":1,"9":9,"10":9,"11":9,"12":1,"13":1,"14":1,"15":1,"16":1,"17":1,"18":1,"19":1,"20":1,"21":1,"22":1,"23":1,"24":1,"25":1,"26":1,"27":1,"28":1,"29":1,"30":1,"31":1},"f":{"0":9,"1":1,"2":1,"3":1,"4":1,"5":1,"6":1,"7":1,"8":1,"9":1},"b":{}}
,"C:\\Users\\Radley\\Desktop\\soen390-team04\\server\\src\\api\\parts\\parts-logs\\part-logs.controller.ts": {"path":"C:\\Users\\Radley\\Desktop\\soen390-team04\\server\\src\\api\\parts\\parts-logs\\part-logs.controller.ts","statementMap":{"0":{"start":{"line":1,"column":0},"end":{"line":1,"column":56}},"1":{"start":{"line":2,"column":0},"end":{"line":2,"column":52}},"2":{"start":{"line":3,"column":0},"end":{"line":3,"column":46}},"3":{"start":{"line":4,"column":0},"end":{"line":4,"column":54}},"4":{"start":{"line":7,"column":0},"end":{"line":24,"column":null}},"5":{"start":{"line":8,"column":31},"end":{"line":8,"column":48}},"6":{"start":{"line":16,"column":4},"end":{"line":16,"column":60}},"7":{"start":{"line":22,"column":4},"end":{"line":22,"column":52}},"8":{"start":{"line":12,"column":2},"end":{"line":17,"column":null}},"9":{"start":{"line":21,"column":2},"end":{"line":23,"column":null}},"10":{"start":{"line":7,"column":13},"end":{"line":24,"column":null}},"11":{"start":{"line":7,"column":13},"end":{"line":7,"column":31}}},"fnMap":{"0":{"name":"(anonymous_4)","decl":{"start":{"line":8,"column":2},"end":{"line":8,"column":31}},"loc":{"start":{"line":8,"column":63},"end":{"line":8,"column":67}}},"1":{"name":"(anonymous_5)","decl":{"start":{"line":12,"column":2},"end":{"line":12,"column":9}},"loc":{"start":{"line":14,"column":43},"end":{"line":17,"column":3}}},"2":{"name":"(anonymous_6)","decl":{"start":{"line":21,"column":2},"end":{"line":21,"column":9}},"loc":{"start":{"line":21,"column":49},"end":{"line":23,"column":3}}}},"branchMap":{},"s":{"0":1,"1":1,"2":1,"3":1,"4":1,"5":2,"6":1,"7":1,"8":1,"9":1,"10":1,"11":1},"f":{"0":2,"1":1,"2":1},"b":{}}
,"C:\\Users\\Radley\\Desktop\\soen390-team04\\server\\src\\api\\products\\products\\products.controller.ts": {"path":"C:\\Users\\Radley\\Desktop\\soen390-team04\\server\\src\\api\\products\\products\\products.controller.ts","statementMap":{"0":{"start":{"line":1,"column":0},"end":{"line":1,"column":null}},"1":{"start":{"line":11,"column":0},"end":{"line":11,"column":52}},"2":{"start":{"line":12,"column":0},"end":{"line":12,"column":46}},"3":{"start":{"line":13,"column":0},"end":{"line":13,"column":53}},"4":{"start":{"line":14,"column":0},"end":{"line":14,"column":60}},"5":{"start":{"line":15,"column":0},"end":{"line":15,"column":60}},"6":{"start":{"line":18,"column":0},"end":{"line":18,"column":62}},"7":{"start":{"line":19,"column":0},"end":{"line":19,"column":66}},"8":{"start":{"line":25,"column":0},"end":{"line":135,"column":null}},"9":{"start":{"line":27,"column":21},"end":{"line":27,"column":38}},"10":{"start":{"line":28,"column":21},"end":{"line":28,"column":42}},"11":{"start":{"line":29,"column":21},"end":{"line":29,"column":44}},"12":{"start":{"line":39,"column":4},"end":{"line":39,"column":57}},"13":{"start":{"line":48,"column":4},"end":{"line":48,"column":42}},"14":{"start":{"line":58,"column":4},"end":{"line":58,"column":44}},"15":{"start":{"line":72,"column":4},"end":{"line":72,"column":61}},"16":{"start":{"line":91,"column":4},"end":{"line":91,"column":69}},"17":{"start":{"line":101,"column":4},"end":{"line":101,"column":43}},"18":{"start":{"line":109,"column":4},"end":{"line":109,"column":56}},"19":{"start":{"line":118,"column":4},"end":{"line":118,"column":67}},"20":{"start":{"line":133,"column":4},"end":{"line":133,"column":78}},"21":{"start":{"line":38,"column":2},"end":{"line":40,"column":null}},"22":{"start":{"line":47,"column":2},"end":{"line":49,"column":null}},"23":{"start":{"line":57,"column":2},"end":{"line":59,"column":null}},"24":{"start":{"line":68,"column":2},"end":{"line":73,"column":null}},"25":{"start":{"line":87,"column":2},"end":{"line":92,"column":null}},"26":{"start":{"line":100,"column":2},"end":{"line":102,"column":null}},"27":{"start":{"line":108,"column":2},"end":{"line":110,"column":null}},"28":{"start":{"line":114,"column":2},"end":{"line":119,"column":null}},"29":{"start":{"line":129,"column":2},"end":{"line":134,"column":null}},"30":{"start":{"line":25,"column":13},"end":{"line":135,"column":null}},"31":{"start":{"line":25,"column":13},"end":{"line":25,"column":31}}},"fnMap":{"0":{"name":"(anonymous_4)","decl":{"start":{"line":26,"column":2},"end":{"line":26,"column":null}},"loc":{"start":{"line":29,"column":65},"end":{"line":30,"column":6}}},"1":{"name":"(anonymous_5)","decl":{"start":{"line":38,"column":2},"end":{"line":38,"column":8}},"loc":{"start":{"line":38,"column":65},"end":{"line":40,"column":3}}},"2":{"name":"(anonymous_6)","decl":{"start":{"line":47,"column":2},"end":{"line":47,"column":9}},"loc":{"start":{"line":47,"column":9},"end":{"line":49,"column":3}}},"3":{"name":"(anonymous_7)","decl":{"start":{"line":57,"column":2},"end":{"line":57,"column":9}},"loc":{"start":{"line":57,"column":33},"end":{"line":59,"column":3}}},"4":{"name":"(anonymous_8)","decl":{"start":{"line":68,"column":2},"end":{"line":68,"column":8}},"loc":{"start":{"line":70,"column":60},"end":{"line":73,"column":3}}},"5":{"name":"(anonymous_9)","decl":{"start":{"line":87,"column":2},"end":{"line":87,"column":7}},"loc":{"start":{"line":89,"column":56},"end":{"line":92,"column":3}}},"6":{"name":"(anonymous_10)","decl":{"start":{"line":100,"column":2},"end":{"line":100,"column":8}},"loc":{"start":{"line":100,"column":32},"end":{"line":102,"column":3}}},"7":{"name":"(anonymous_11)","decl":{"start":{"line":108,"column":2},"end":{"line":108,"column":14}},"loc":{"start":{"line":108,"column":54},"end":{"line":110,"column":3}}},"8":{"name":"(anonymous_12)","decl":{"start":{"line":114,"column":2},"end":{"line":114,"column":14}},"loc":{"start":{"line":116,"column":41},"end":{"line":119,"column":3}}},"9":{"name":"(anonymous_13)","decl":{"start":{"line":129,"column":2},"end":{"line":129,"column":13}},"loc":{"start":{"line":131,"column":72},"end":{"line":134,"column":3}}}},"branchMap":{},"s":{"0":1,"1":1,"2":1,"3":1,"4":1,"5":1,"6":1,"7":1,"8":1,"9":9,"10":9,"11":9,"12":1,"13":1,"14":1,"15":1,"16":1,"17":1,"18":1,"19":1,"20":1,"21":1,"22":1,"23":1,"24":1,"25":1,"26":1,"27":1,"28":1,"29":1,"30":1,"31":1},"f":{"0":9,"1":1,"2":1,"3":1,"4":1,"5":1,"6":1,"7":1,"8":1,"9":1},"b":{}}
,"C:\\Users\\Radley\\Desktop\\soen390-team04\\server\\src\\api\\products\\products-logs\\product-logs.controller.ts": {"path":"C:\\Users\\Radley\\Desktop\\soen390-team04\\server\\src\\api\\products\\products-logs\\product-logs.controller.ts","statementMap":{"0":{"start":{"line":1,"column":0},"end":{"line":1,"column":56}},"1":{"start":{"line":2,"column":0},"end":{"line":2,"column":52}},"2":{"start":{"line":3,"column":0},"end":{"line":3,"column":46}},"3":{"start":{"line":4,"column":0},"end":{"line":4,"column":60}},"4":{"start":{"line":7,"column":0},"end":{"line":24,"column":null}},"5":{"start":{"line":8,"column":31},"end":{"line":8,"column":51}},"6":{"start":{"line":16,"column":4},"end":{"line":16,"column":66}},"7":{"start":{"line":22,"column":4},"end":{"line":22,"column":55}},"8":{"start":{"line":12,"column":2},"end":{"line":17,"column":null}},"9":{"start":{"line":21,"column":2},"end":{"line":23,"column":null}},"10":{"start":{"line":7,"column":13},"end":{"line":24,"column":null}},"11":{"start":{"line":7,"column":13},"end":{"line":7,"column":34}}},"fnMap":{"0":{"name":"(anonymous_4)","decl":{"start":{"line":8,"column":2},"end":{"line":8,"column":31}},"loc":{"start":{"line":8,"column":69},"end":{"line":8,"column":73}}},"1":{"name":"(anonymous_5)","decl":{"start":{"line":12,"column":2},"end":{"line":12,"column":9}},"loc":{"start":{"line":14,"column":41},"end":{"line":17,"column":3}}},"2":{"name":"(anonymous_6)","decl":{"start":{"line":21,"column":2},"end":{"line":21,"column":9}},"loc":{"start":{"line":21,"column":49},"end":{"line":23,"column":3}}}},"branchMap":{},"s":{"0":1,"1":1,"2":1,"3":1,"4":1,"5":2,"6":1,"7":1,"8":1,"9":1,"10":1,"11":1},"f":{"0":2,"1":1,"2":1},"b":{}}
,"C:\\Users\\Radley\\Desktop\\soen390-team04\\server\\src\\api\\users\\users.controller.ts": {"path":"C:\\Users\\Radley\\Desktop\\soen390-team04\\server\\src\\api\\users\\users.controller.ts","statementMap":{"0":{"start":{"line":1,"column":0},"end":{"line":1,"column":null}},"1":{"start":{"line":11,"column":0},"end":{"line":11,"column":47}},"2":{"start":{"line":12,"column":0},"end":{"line":12,"column":54}},"3":{"start":{"line":13,"column":0},"end":{"line":13,"column":54}},"4":{"start":{"line":14,"column":0},"end":{"line":14,"column":49}},"5":{"start":{"line":15,"column":0},"end":{"line":15,"column":43}},"6":{"start":{"line":18,"column":0},"end":{"line":56,"column":null}},"7":{"start":{"line":19,"column":31},"end":{"line":19,"column":45}},"8":{"start":{"line":24,"column":17},"end":{"line":24,"column":20}},"9":{"start":{"line":25,"column":4},"end":{"line":25,"column":55}},"10":{"start":{"line":26,"column":4},"end":{"line":26,"column":49}},"11":{"start":{"line":27,"column":4},"end":{"line":27,"column":42}},"12":{"start":{"line":33,"column":4},"end":{"line":33,"column":39}},"13":{"start":{"line":39,"column":4},"end":{"line":39,"column":68}},"14":{"start":{"line":48,"column":4},"end":{"line":48,"column":72}},"15":{"start":{"line":54,"column":4},"end":{"line":54,"column":67}},"16":{"start":{"line":23,"column":2},"end":{"line":28,"column":null}},"17":{"start":{"line":32,"column":2},"end":{"line":34,"column":null}},"18":{"start":{"line":38,"column":2},"end":{"line":40,"column":null}},"19":{"start":{"line":44,"column":2},"end":{"line":49,"column":null}},"20":{"start":{"line":53,"column":2},"end":{"line":55,"column":null}},"21":{"start":{"line":18,"column":13},"end":{"line":56,"column":null}},"22":{"start":{"line":18,"column":13},"end":{"line":18,"column":28}}},"fnMap":{"0":{"name":"(anonymous_4)","decl":{"start":{"line":19,"column":2},"end":{"line":19,"column":31}},"loc":{"start":{"line":19,"column":57},"end":{"line":19,"column":61}}},"1":{"name":"(anonymous_5)","decl":{"start":{"line":23,"column":2},"end":{"line":23,"column":8}},"loc":{"start":{"line":23,"column":49},"end":{"line":28,"column":3}}},"2":{"name":"(anonymous_6)","decl":{"start":{"line":32,"column":2},"end":{"line":32,"column":9}},"loc":{"start":{"line":32,"column":9},"end":{"line":34,"column":3}}},"3":{"name":"(anonymous_7)","decl":{"start":{"line":38,"column":2},"end":{"line":38,"column":9}},"loc":{"start":{"line":38,"column":45},"end":{"line":40,"column":3}}},"4":{"name":"(anonymous_8)","decl":{"start":{"line":44,"column":2},"end":{"line":44,"column":7}},"loc":{"start":{"line":46,"column":44},"end":{"line":49,"column":3}}},"5":{"name":"(anonymous_9)","decl":{"start":{"line":53,"column":2},"end":{"line":53,"column":8}},"loc":{"start":{"line":53,"column":44},"end":{"line":55,"column":3}}}},"branchMap":{},"s":{"0":1,"1":1,"2":1,"3":1,"4":1,"5":1,"6":1,"7":5,"8":1,"9":1,"10":1,"11":1,"12":1,"13":1,"14":1,"15":1,"16":1,"17":1,"18":1,"19":1,"20":1,"21":1,"22":1},"f":{"0":5,"1":1,"2":1,"3":1,"4":1,"5":1},"b":{}}
}
